#
# There is insufficient memory for the Java Runtime Environment to continue.
# Native memory allocation (malloc) failed to allocate 32744 bytes for ChunkPool::allocate
# Possible reasons:
#   The system is out of physical RAM or swap space
#   The process is running with CompressedOops enabled, and the Java Heap may be blocking the growth of the native heap
# Possible solutions:
#   Reduce memory load on the system
#   Increase physical memory or swap space
#   Check if swap backing store is full
#   Decrease Java heap size (-Xmx/-Xms)
#   Decrease number of Java threads
#   Decrease Java thread stack sizes (-Xss)
#   Set larger code cache with -XX:ReservedCodeCacheSize=
#   JVM is running with Unscaled Compressed Oops mode in which the Java heap is
#     placed in the first 4GB address space. The Java Heap base address is the
#     maximum limit for the native heap growth. Please use -XX:HeapBaseMinAddress
#     to set the Java Heap base and to place the Java Heap above 4GB virtual address.
# This output file may be truncated or incomplete.
#
#  Out of Memory Error (allocation.cpp:272), pid=9724, tid=0x0000000000003a3c
#
# JRE version: Java(TM) SE Runtime Environment (8.0_221-b11) (build 1.8.0_221-b11)
# Java VM: Java HotSpot(TM) 64-Bit Server VM (25.221-b11 mixed mode windows-amd64 compressed oops)
# Failed to write core dump. Minidumps are not enabled by default on client versions of Windows
#

---------------  T H R E A D  ---------------

Current thread (0x0000000017ebe800):  JavaThread "C1 CompilerThread3" daemon [_thread_in_native, id=14908, stack(0x000000001a890000,0x000000001a990000)]

Stack: [0x000000001a890000,0x000000001a990000]
[error occurred during error reporting (printing stack bounds), id 0xc0000005]

Native frames: (J=compiled Java code, j=interpreted, Vv=VM code, C=native code)


Current CompileTask:
C1:   4589   73       3       java.util.regex.Pattern::range (279 bytes)


---------------  P R O C E S S  ---------------

Java Threads: ( => current thread )
  0x0000000019ce2000 JavaThread "Service Thread" daemon [_thread_blocked, id=15152, stack(0x000000001a990000,0x000000001aa90000)]
=>0x0000000017ebe800 JavaThread "C1 CompilerThread3" daemon [_thread_in_native, id=14908, stack(0x000000001a890000,0x000000001a990000)]
  0x0000000019cc9000 JavaThread "C2 CompilerThread2" daemon [_thread_blocked, id=15312, stack(0x000000001a790000,0x000000001a890000)]
  0x0000000017ebc800 JavaThread "C2 CompilerThread1" daemon [_thread_blocked, id=16116, stack(0x000000001a690000,0x000000001a790000)]
  0x0000000019cc6000 JavaThread "C2 CompilerThread0" daemon [_thread_blocked, id=15164, stack(0x000000001a590000,0x000000001a690000)]
  0x0000000019cc4800 JavaThread "Attach Listener" daemon [_thread_blocked, id=12388, stack(0x000000001a490000,0x000000001a590000)]
  0x0000000019cc3000 JavaThread "Signal Dispatcher" daemon [_thread_blocked, id=14976, stack(0x000000001a390000,0x000000001a490000)]
  0x0000000002f2c800 JavaThread "Finalizer" daemon [_thread_blocked, id=14936, stack(0x000000001a190000,0x000000001a290000)]
  0x0000000019cb0800 JavaThread "Reference Handler" daemon [_thread_blocked, id=11684, stack(0x000000001a090000,0x000000001a190000)]
  0x0000000002c7d800 JavaThread "main" [_thread_in_native, id=10284, stack(0x0000000002d30000,0x0000000002e30000)]

Other Threads:
  0x0000000017ea8800 VMThread [stack: 0x0000000019b90000,0x0000000019c90000] [id=13100]
  0x0000000019ce2800 WatcherThread [stack: 0x000000001aa90000,0x000000001ab90000] [id=15996]

VM state:not at safepoint (normal execution)

VM Mutex/Monitor currently owned by a thread: None

heap address: 0x0000000081c00000, size: 2020 MB, Compressed Oops mode: 32-bit
Narrow klass base: 0x0000000000000000, Narrow klass shift: 3
Compressed class space size: 1073741824 Address: 0x0000000100000000

Heap:
 PSYoungGen      total 38400K, used 1996K [0x00000000d5f00000, 0x00000000d8980000, 0x0000000100000000)
  eden space 33280K, 6% used [0x00000000d5f00000,0x00000000d60f3360,0x00000000d7f80000)
  from space 5120K, 0% used [0x00000000d8480000,0x00000000d8480000,0x00000000d8980000)
  to   space 5120K, 0% used [0x00000000d7f80000,0x00000000d7f80000,0x00000000d8480000)
 ParOldGen       total 87552K, used 0K [0x0000000081c00000, 0x0000000087180000, 0x00000000d5f00000)
  object space 87552K, 0% used [0x0000000081c00000,0x0000000081c00000,0x0000000087180000)
 Metaspace       used 3356K, capacity 4490K, committed 4864K, reserved 1056768K
  class space    used 379K, capacity 386K, committed 512K, reserved 1048576K

Card table byte_map: [0x00000000122f0000,0x00000000126f0000] byte_map_base: 0x0000000011ee2000

Marking Bits: (ParMarkBitMap*) 0x0000000059065ce0
 Begin Bits: [0x00000000131a0000, 0x0000000015130000)
 End Bits:   [0x0000000015130000, 0x00000000170c0000)

Polling page: 0x0000000000bf0000

CodeCache: size=245760Kb used=1198Kb max_used=1198Kb free=244561Kb
 bounds [0x0000000002f30000, 0x00000000031a0000, 0x0000000011f30000]
 total_blobs=324 nmethods=73 adapters=164
 compilation: enabled

Compilation events (10 events):
Event: 4.576 Thread 0x0000000017ebe800 nmethod 68 0x000000000305a510 code [0x000000000305a680, 0x000000000305a8f0]
Event: 4.576 Thread 0x0000000017ebe800   72       3       java.util.regex.Pattern$Node::<init> (12 bytes)
Event: 4.576 Thread 0x0000000017ebe800 nmethod 72 0x000000000305aa10 code [0x000000000305ab80, 0x000000000305ad50]
Event: 4.576 Thread 0x0000000017ebe800   71       3       java.util.regex.Pattern::read (33 bytes)
Event: 4.576 Thread 0x0000000017ebe800 nmethod 71 0x000000000305ae10 code [0x000000000305af80, 0x000000000305b248]
Event: 4.576 Thread 0x0000000017ebe800   70       3       java.util.regex.ASCII::isDigit (18 bytes)
Event: 4.576 Thread 0x0000000017ebe800 nmethod 70 0x000000000305b390 code [0x000000000305b4e0, 0x000000000305b690]
Event: 4.576 Thread 0x0000000017ebe800   74       3       java.util.regex.Pattern$Node::study (21 bytes)
Event: 4.577 Thread 0x0000000017ebe800 nmethod 74 0x000000000305b710 code [0x000000000305b880, 0x000000000305bae8]
Event: 4.577 Thread 0x0000000017ebe800   73       3       java.util.regex.Pattern::range (279 bytes)

GC Heap History (0 events):
No events

Deoptimization events (0 events):
No events

Classes redefined (0 events):
No events

Internal exceptions (6 events):
Event: 0.097 Thread 0x0000000002c7d800 Exception <a 'java/lang/NoSuchMethodError': Method sun.misc.Unsafe.defineClass(Ljava/lang/String;[BII)Ljava/lang/Class; name or signature does not match> (0x00000000d5f07cb8) thrown at [C:\re\workspace\8-2-build-windows-amd64-cygwin\jdk8u221\13320\hotspot
Event: 0.097 Thread 0x0000000002c7d800 Exception <a 'java/lang/NoSuchMethodError': Method sun.misc.Unsafe.prefetchRead(Ljava/lang/Object;J)V name or signature does not match> (0x00000000d5f07fa0) thrown at [C:\re\workspace\8-2-build-windows-amd64-cygwin\jdk8u221\13320\hotspot\src\share\vm\prim
Event: 0.231 Thread 0x0000000002c7d800 Exception <a 'java/security/PrivilegedActionException'> (0x00000000d5f8b738) thrown at [C:\re\workspace\8-2-build-windows-amd64-cygwin\jdk8u221\13320\hotspot\src\share\vm\prims\jvm.cpp, line 1502]
Event: 0.231 Thread 0x0000000002c7d800 Exception <a 'java/security/PrivilegedActionException'> (0x00000000d5f8b948) thrown at [C:\re\workspace\8-2-build-windows-amd64-cygwin\jdk8u221\13320\hotspot\src\share\vm\prims\jvm.cpp, line 1502]
Event: 0.233 Thread 0x0000000002c7d800 Exception <a 'java/security/PrivilegedActionException'> (0x00000000d5f8fa40) thrown at [C:\re\workspace\8-2-build-windows-amd64-cygwin\jdk8u221\13320\hotspot\src\share\vm\prims\jvm.cpp, line 1502]
Event: 0.233 Thread 0x0000000002c7d800 Exception <a 'java/security/PrivilegedActionException'> (0x00000000d5f8fc50) thrown at [C:\re\workspace\8-2-build-windows-amd64-cygwin\jdk8u221\13320\hotspot\src\share\vm\prims\jvm.cpp, line 1502]

Events (10 events):
Event: 4.572 loading class sun/misc/FloatingDecimal$1
Event: 4.572 loading class sun/misc/FloatingDecimal$1 done
Event: 4.572 loading class sun/misc/FloatingDecimal$PreparedASCIIToBinaryBuffer
Event: 4.573 loading class sun/misc/FloatingDecimal$ASCIIToBinaryConverter
Event: 4.573 loading class sun/misc/FloatingDecimal$ASCIIToBinaryConverter done
Event: 4.573 loading class sun/misc/FloatingDecimal$PreparedASCIIToBinaryBuffer done
Event: 4.573 loading class sun/misc/FDBigInteger
Event: 4.573 loading class sun/misc/FDBigInteger done
Event: 4.576 loading class java/util/regex/Pattern$5
Event: 4.576 loading class java/util/regex/Pattern$5 done


Dynamic libraries:
0x00007ff748d70000 - 0x00007ff748da7000 	C:\Program Files\Java\jdk1.8.0_221\bin\java.exe
0x00007ff99d340000 - 0x00007ff99d530000 	C:\WINDOWS\SYSTEM32\ntdll.dll
0x00007ff99c6c0000 - 0x00007ff99c772000 	C:\WINDOWS\System32\KERNEL32.DLL
0x00007ff99ae00000 - 0x00007ff99b0a3000 	C:\WINDOWS\System32\KERNELBASE.dll
0x00007ff99bc40000 - 0x00007ff99bce3000 	C:\WINDOWS\System32\ADVAPI32.dll
0x00007ff99bba0000 - 0x00007ff99bc3e000 	C:\WINDOWS\System32\msvcrt.dll
0x00007ff99cbf0000 - 0x00007ff99cc87000 	C:\WINDOWS\System32\sechost.dll
0x00007ff99d020000 - 0x00007ff99d140000 	C:\WINDOWS\System32\RPCRT4.dll
0x00007ff99cc90000 - 0x00007ff99ce24000 	C:\WINDOWS\System32\USER32.dll
0x00007ff99add0000 - 0x00007ff99adf1000 	C:\WINDOWS\System32\win32u.dll
0x00007ff99bfa0000 - 0x00007ff99bfc6000 	C:\WINDOWS\System32\GDI32.dll
0x00007ff99b250000 - 0x00007ff99b3e4000 	C:\WINDOWS\System32\gdi32full.dll
0x00007ff99ab60000 - 0x00007ff99abfe000 	C:\WINDOWS\System32\msvcp_win.dll
0x00007ff99b0d0000 - 0x00007ff99b1ca000 	C:\WINDOWS\System32\ucrtbase.dll
0x00007ff983bb0000 - 0x00007ff983e35000 	C:\WINDOWS\WinSxS\amd64_microsoft.windows.common-controls_6595b64144ccf1df_6.0.18362.657_none_e6c5b579130e3898\COMCTL32.dll
0x00007ff99c7f0000 - 0x00007ff99cb26000 	C:\WINDOWS\System32\combase.dll
0x00007ff99ad50000 - 0x00007ff99add0000 	C:\WINDOWS\System32\bcryptPrimitives.dll
0x00007ff99bea0000 - 0x00007ff99bece000 	C:\WINDOWS\System32\IMM32.DLL
0x00000000592e0000 - 0x00000000593b2000 	C:\Program Files\Java\jdk1.8.0_221\jre\bin\msvcr100.dll
0x0000000058840000 - 0x00000000590e5000 	C:\Program Files\Java\jdk1.8.0_221\jre\bin\server\jvm.dll
0x00007ff99ce30000 - 0x00007ff99ce38000 	C:\WINDOWS\System32\PSAPI.DLL
0x00007ff9937a0000 - 0x00007ff9937c4000 	C:\WINDOWS\SYSTEM32\WINMM.dll
0x00007ff994400000 - 0x00007ff994409000 	C:\WINDOWS\SYSTEM32\WSOCK32.dll
0x00007ff9952c0000 - 0x00007ff9952ca000 	C:\WINDOWS\SYSTEM32\VERSION.dll
0x00007ff99c780000 - 0x00007ff99c7ef000 	C:\WINDOWS\System32\WS2_32.dll
0x00007ff993720000 - 0x00007ff99374d000 	C:\WINDOWS\SYSTEM32\winmmbase.dll
0x00007ff99b1d0000 - 0x00007ff99b21a000 	C:\WINDOWS\System32\cfgmgr32.dll
0x00007ff995ec0000 - 0x00007ff995ecf000 	C:\Program Files\Java\jdk1.8.0_221\jre\bin\verify.dll
0x00007ff988090000 - 0x00007ff9880b9000 	C:\Program Files\Java\jdk1.8.0_221\jre\bin\java.dll
0x00007ff994410000 - 0x00007ff994426000 	C:\Program Files\Java\jdk1.8.0_221\jre\bin\zip.dll
0x00007ff99bfd0000 - 0x00007ff99c6b5000 	C:\WINDOWS\System32\SHELL32.dll
0x00007ff99cb40000 - 0x00007ff99cbe9000 	C:\WINDOWS\System32\shcore.dll
0x00007ff99a330000 - 0x00007ff99aaaf000 	C:\WINDOWS\System32\windows.storage.dll
0x00007ff99a2b0000 - 0x00007ff99a2cf000 	C:\WINDOWS\System32\profapi.dll
0x00007ff99a240000 - 0x00007ff99a28a000 	C:\WINDOWS\System32\powrprof.dll
0x00007ff99a210000 - 0x00007ff99a220000 	C:\WINDOWS\System32\UMPDC.dll
0x00007ff99b900000 - 0x00007ff99b952000 	C:\WINDOWS\System32\shlwapi.dll
0x00007ff99a220000 - 0x00007ff99a231000 	C:\WINDOWS\System32\kernel.appcore.dll
0x00007ff99b0b0000 - 0x00007ff99b0c7000 	C:\WINDOWS\System32\cryptsp.dll

VM Arguments:
jvm_args: -Dfile.encoding=UTF-8 
java_command: bangunDatar1.Main
java_class_path (initial): D:\Data Ical\PBO\BangunDatar\build\classes
Launcher Type: SUN_STANDARD

Environment Variables:
PATH=C:\Program Files (x86)\Common Files\Intel\Shared Files\cpp\bin\Intel64;C:\Program Files (x86)\Common Files\Oracle\Java\javapath;C:\WINDOWS\system32;C:\WINDOWS;C:\WINDOWS\System32\Wbem;C:\WINDOWS\System32\WindowsPowerShell\v1.0\;C:\WINDOWS\System32\OpenSSH\;C:\Program Files\Polyspace\R2019a\runtime\win64;C:\Program Files\Polyspace\R2019a\bin;C:\Program Files\Polyspace\R2019a\polyspace\bin;C:\Users\USER\AppData\Local\Programs\Python\Python38-32\Scripts\;C:\Users\USER\AppData\Local\Programs\Python\Python38-32\;C:\Users\USER\AppData\Local\Microsoft\WindowsApps;C:\Program Files (x86)\Microsoft VS Code\bin;C:\Users\USER\AppData\Local\GitHubDesktop\bin
USERNAME=USER
OS=Windows_NT
PROCESSOR_IDENTIFIER=Intel64 Family 6 Model 142 Stepping 12, GenuineIntel



---------------  S Y S T E M  ---------------

OS: Windows 10.0 , 64 bit Build 18362 (10.0.18362.329)

CPU:total 8 (initial active 8) (4 cores per cpu, 2 threads per core) family 6 model 142 stepping 12, cmov, cx8, fxsr, mmx, sse, sse2, sse3, ssse3, sse4.1, sse4.2, popcnt, avx, avx2, aes, clmul, erms, 3dnowpref, lzcnt, ht, tsc, tscinvbit, bmi1, bmi2, adx

Memory: 4k page, physical 8272116k(271124k free), swap 23739760k(0k free)

vm_info: Java HotSpot(TM) 64-Bit Server VM (25.221-b11) for windows-amd64 JRE (1.8.0_221-b11), built on Jul  4 2019 04:39:29 by "java_re" with MS VC++ 10.0 (VS2010)

time: Sat Feb 22 11:16:31 2020
timezone: SE Asia Standard Time
elapsed time: 4 seconds (0d 0h 0m 4s)

